/termux-scripts $ pkg install -y python                python -m pip install --upgrade pip                     python -m pip install pillow                            No mirror or mirror group selected. You might want to select one by running 'termux-change-repo'                Checking availability of current mirror:                [*] https://termux.cdn.lumito.net/termux-main: ok       Reading package lists... Done                           Building dependency tree... Done                        Reading state information... Done                       python is already the newest version (3.12.12).         0 upgraded, 0 newly installed, 0 to remove and 7 not upgraded.                                                  ERROR: Installing pip is forbidden, this will break the python-pip package (termux).                            Collecting pillow                                         Downloading pillow-12.1.0.tar.gz (47.0 MB)                 ━━━━━━━━━━━━━━━━━━━ 47.0/47.0 MB 34.7 MB/s  0:00:01  Installing build dependencies ... done                  Getting requirements to build wheel ... done            Preparing metadata (pyproject.toml) ... done          Building wheels for collected packages: pillow            Building wheel for pillow (pyproject.toml) ... error    error: subprocess-exited-with-error                                                                             × Building wheel for pillow (pyproject.toml) did not run successfully.                                          │ exit code: 1                                          ╰─> [235 lines of output]
      running bdist_wheel                                     running build                                           running build_py                                        creating build/lib.linux-aarch64-cpython-312/PIL        copying src/PIL/AvifImagePlugin.py -> build/lib.linux-aarch64-cpython-312/PIL                                   copying src/PIL/BdfFontFile.py -> build/lib.linux-aarch64-cpython-312/PIL                                       copying src/PIL/BlpImagePlugin.py -> build/lib.linux-aarch64-cpython-312/PIL                                    copying src/PIL/BmpImagePlugin.py -> build/lib.linux-aarch64-cpython-312/PIL                                    copying src/PIL/BufrStubImagePlugin.py -> build/lib.linux-aarch64-cpython-312/PIL                               copying src/PIL/ContainerIO.py -> build/lib.linux-aarch64-cpython-312/PIL                                       copying src/PIL/CurImagePlugin.py -> build/lib.linux-aarch64-cpython-312/PIL                                    copying src/PIL/DcxImagePlugin.py -> build/lib.linux-aarch64-cpython-312/PIL                                    copying src/PIL/DdsImagePlugin.py -> build/lib.linux-aarch64-cpython-312/PIL                                    copying src/PIL/EpsImagePlugin.py -> build/lib.linux-aarch64-cpython-312/PIL                                    copying src/PIL/ExifTags.py -> build/lib.linux-aarch64-cpython-312/PIL                                          copying src/PIL/FitsImagePlugin.py -> build/lib.linux-aarch64-cpython-312/PIL                                   copying src/PIL/FliImagePlugin.py -> build/lib.linux-aarch64-cpython-312/PIL                                    copying src/PIL/FontFile.py -> build/lib.linux-aarch64-cpython-312/PIL                                          copying src/PIL/FpxImagePlugin.py -> build/lib.linux-aarch64-cpython-312/PIL                                    copying src/PIL/FtexImagePlugin.py -> build/lib.linux-aarch64-cpython-312/PIL                                   copying src/PIL/GbrImagePlugin.py -> build/lib.linux-aarch64-cpython-312/PIL                                    copying src/PIL/GdImageFile.py -> build/lib.linux-aarch64-cpython-312/PIL                                       copying src/PIL/GifImagePlugin.py -> build/lib.linux-aarch64-cpython-312/PIL                                    copying src/PIL/GimpGradientFile.py -> build/lib.linux-aarch64-cpython-312/PIL                                  copying src/PIL/GimpPaletteFile.py -> build/lib.linux-aarch64-cpython-312/PIL                                   copying src/PIL/GribStubImagePlugin.py -> build/lib.linux-aarch64-cpython-312/PIL                               copying src/PIL/Hdf5StubImagePlugin.py -> build/lib.linux-aarch64-cpython-312/PIL                               copying src/PIL/IcnsImagePlugin.py -> build/lib.linux-aarch64-cpython-312/PIL                                   copying src/PIL/IcoImagePlugin.py -> build/lib.linux-aarch64-cpython-312/PIL                                    copying src/PIL/ImImagePlugin.py -> build/lib.linux-aarch64-cpython-312/PIL                                     copying src/PIL/Image.py -> build/lib.linux-aarch64-cpython-312/PIL                                             copying src/PIL/ImageChops.py -> build/lib.linux-aarch64-cpython-312/PIL                                        copying src/PIL/ImageCms.py -> build/lib.linux-aarch64-cpython-312/PIL                                          copying src/PIL/ImageColor.py -> build/lib.linux-aarch64-cpython-312/PIL                                        copying src/PIL/ImageDraw.py -> build/lib.linux-aarch64-cpython-312/PIL                                         copying src/PIL/ImageDraw2.py -> build/lib.linux-aarch64-cpython-312/PIL                                        copying src/PIL/ImageEnhance.py -> build/lib.linux-aarch64-cpython-312/PIL                                      copying src/PIL/ImageFile.py -> build/lib.linux-aarch64-cpython-312/PIL                                         copying src/PIL/ImageFilter.py -> build/lib.linux-aarch64-cpython-312/PIL                                       copying src/PIL/ImageFont.py -> build/lib.linux-aarch64-cpython-312/PIL                                         copying src/PIL/ImageGrab.py -> build/lib.linux-aarch64-cpython-312/PIL                                         copying src/PIL/ImageMath.py -> build/lib.linux-aarch64-cpython-312/PIL                                         copying src/PIL/ImageMode.py -> build/lib.linux-aarch64-cpython-312/PIL                                         copying src/PIL/ImageMorph.py -> build/lib.linux-aarch64-cpython-312/PIL                                        copying src/PIL/ImageOps.py -> build/lib.linux-aarch64-cpython-312/PIL                                          copying src/PIL/ImagePalette.py -> build/lib.linux-aarch64-cpython-312/PIL                                      copying src/PIL/ImagePath.py -> build/lib.linux-aarch64-cpython-312/PIL                                         copying src/PIL/ImageQt.py -> build/lib.linux-aarch64-cpython-312/PIL                                           copying src/PIL/ImageSequence.py -> build/lib.linux-aarch64-cpython-312/PIL                                     copying src/PIL/ImageShow.py -> build/lib.linux-aarch64-cpython-312/PIL                                         copying src/PIL/ImageStat.py -> build/lib.linux-aarch64-cpython-312/PIL                                         copying src/PIL/ImageText.py -> build/lib.linux-aarch64-cpython-312/PIL                                         copying src/PIL/ImageTk.py -> build/lib.linux-aarch64-cpython-312/PIL                                           copying src/PIL/ImageTransform.py -> build/lib.linux-aarch64-cpython-312/PIL                                    copying src/PIL/ImageWin.py -> build/lib.linux-aarch64-cpython-312/PIL                                          copying src/PIL/ImtImagePlugin.py -> build/lib.linux-aarch64-cpython-312/PIL                                    copying src/PIL/IptcImagePlugin.py -> build/lib.linux-aarch64-cpython-312/PIL                                   copying src/PIL/Jpeg2KImagePlugin.py -> build/lib.linux-aarch64-cpython-312/PIL                                 copying src/PIL/JpegImagePlugin.py -> build/lib.linux-aarch64-cpython-312/PIL                                   copying src/PIL/JpegPresets.py -> build/lib.linux-aarch64-cpython-312/PIL                                       copying src/PIL/McIdasImagePlugin.py -> build/lib.linux-aarch64-cpython-312/PIL                                 copying src/PIL/MicImagePlugin.py -> build/lib.linux-aarch64-cpython-312/PIL                                    copying src/PIL/MpegImagePlugin.py -> build/lib.linux-aarch64-cpython-312/PIL                                   copying src/PIL/MpoImagePlugin.py -> build/lib.linux-aarch64-cpython-312/PIL                                    copying src/PIL/MspImagePlugin.py -> build/lib.linux-aarch64-cpython-312/PIL                                    copying src/PIL/PSDraw.py -> build/lib.linux-aarch64-cpython-312/PIL                                            copying src/PIL/PaletteFile.py -> build/lib.linux-aarch64-cpython-312/PIL                                       copying src/PIL/PalmImagePlugin.py -> build/lib.linux-aarch64-cpython-312/PIL                                   copying src/PIL/PcdImagePlugin.py -> build/lib.linux-aarch64-cpython-312/PIL                                    copying src/PIL/PcfFontFile.py -> build/lib.linux-aarch64-cpython-312/PIL                                       copying src/PIL/PcxImagePlugin.py -> build/lib.linux-aarch64-cpython-312/PIL                                    copying src/PIL/PdfImagePlugin.py -> build/lib.linux-aarch64-cpython-312/PIL                                    copying src/PIL/PdfParser.py -> build/lib.linux-aarch64-cpython-312/PIL                                         copying src/PIL/PixarImagePlugin.py -> build/lib.linux-aarch64-cpython-312/PIL                                  copying src/PIL/PngImagePlugin.py -> build/lib.linux-aarch64-cpython-312/PIL
      copying src/PIL/PpmImagePlugin.py -> build/lib.linux-aarch64-cpython-312/PIL                                    copying src/PIL/PsdImagePlugin.py -> build/lib.linux-aarch64-cpython-312/PIL                                    copying src/PIL/QoiImagePlugin.py -> build/lib.linux-aarch64-cpython-312/PIL                                    copying src/PIL/SgiImagePlugin.py -> build/lib.linux-aarch64-cpython-312/PIL                                    copying src/PIL/SpiderImagePlugin.py -> build/lib.linux-aarch64-cpython-312/PIL                                 copying src/PIL/SunImagePlugin.py -> build/lib.linux-aarch64-cpython-312/PIL                                    copying src/PIL/TarIO.py -> build/lib.linux-aarch64-cpython-312/PIL                                             copying src/PIL/TgaImagePlugin.py -> build/lib.linux-aarch64-cpython-312/PIL                                    copying src/PIL/TiffImagePlugin.py -> build/lib.linux-aarch64-cpython-312/PIL                                   copying src/PIL/TiffTags.py -> build/lib.linux-aarch64-cpython-312/PIL                                          copying src/PIL/WalImageFile.py -> build/lib.linux-aarch64-cpython-312/PIL                                      copying src/PIL/WebPImagePlugin.py -> build/lib.linux-aarch64-cpython-312/PIL                                   copying src/PIL/WmfImagePlugin.py -> build/lib.linux-aarch64-cpython-312/PIL                                    copying src/PIL/XVThumbImagePlugin.py -> build/lib.linux-aarch64-cpython-312/PIL                                copying src/PIL/XbmImagePlugin.py -> build/lib.linux-aarch64-cpython-312/PIL                                    copying src/PIL/XpmImagePlugin.py -> build/lib.linux-aarch64-cpython-312/PIL                                    copying src/PIL/__init__.py -> build/lib.linux-aarch64-cpython-312/PIL                                          copying src/PIL/__main__.py -> build/lib.linux-aarch64-cpython-312/PIL                                          copying src/PIL/_binary.py -> build/lib.linux-aarch64-cpython-312/PIL                                           copying src/PIL/_deprecate.py -> build/lib.linux-aarch64-cpython-312/PIL                                        copying src/PIL/_tkinter_finder.py -> build/lib.linux-aarch64-cpython-312/PIL                                   copying src/PIL/_typing.py -> build/lib.linux-aarch64-cpython-312/PIL                                           copying src/PIL/_util.py -> build/lib.linux-aarch64-cpython-312/PIL                                             copying src/PIL/_version.py -> build/lib.linux-aarch64-cpython-312/PIL                                          copying src/PIL/features.py -> build/lib.linux-aarch64-cpython-312/PIL                                          copying src/PIL/report.py -> build/lib.linux-aarch64-cpython-312/PIL                                            running egg_info                                        writing src/pillow.egg-info/PKG-INFO                    writing dependency_links to src/pillow.egg-info/dependency_links.txt                                            writing requirements to src/pillow.egg-info/requires.txt                                                        writing top-level names to src/pillow.egg-info/top_level.txt                                                    reading manifest file 'src/pillow.egg-info/SOURCES.txt'                                                         reading manifest template 'MANIFEST.in'                 warning: no files found matching '*.c'                  warning: no files found matching '*.h'                  warning: no files found matching '*.sh'                 warning: no files found matching '*.txt'                warning: no files found matching '.flake8'              warning: no previously-included files found matching '.clang-format'                                            warning: no previously-included files found matching '.coveragerc'                                              warning: no previously-included files found matching '.editorconfig'                                            warning: no previously-included files found matching '.readthedocs.yml'                                         warning: no previously-included files found matching 'codecov.yml'                                              warning: no previously-included files found matching 'renovate.json'                                            warning: no previously-included files found matching 'Tests/images/README.md'                                   warning: no previously-included files found matching 'Tests/images/crash*.tif'                                  warning: no previously-included files found matching 'Tests/images/string_dimension.tiff'                       warning: no previously-included files matching '.git*' found anywhere in distribution                           warning: no previously-included files matching '*.so' found anywhere in distribution                            no previously-included directories found matching '.ci'                                                         no previously-included directories found matching 'wheels'                                                      no previously-included directories found matching 'winbuild/build'                                              no previously-included directories found matching 'winbuild/depends'                                            no previously-included directories found matching 'Tests/errors'                                                no previously-included directories found matching 'Tests/images/jpeg2000'                                       no previously-included directories found matching 'Tests/images/msp'                                            no previously-included directories found matching 'Tests/images/picins'                                         no previously-included directories found matching 'Tests/images/sunraster'                                      no previously-included directories found matching 'Tests/test-images'                                           adding license file 'LICENSE'                           writing manifest file 'src/pillow.egg-info/SOURCES.txt'                                                         copying src/PIL/_avif.pyi -> build/lib.linux-aarch64-cpython-312/PIL                                            copying src/PIL/_imaging.pyi -> build/lib.linux-aarch64-cpython-312/PIL                                         copying src/PIL/_imagingcms.pyi -> build/lib.linux-aarch64-cpython-312/PIL                                      copying src/PIL/_imagingft.pyi -> build/lib.linux-aarch64-cpython-312/PIL                                       copying src/PIL/_imagingmath.pyi -> build/lib.linux-aarch64-cpython-312/PIL                                     copying src/PIL/_imagingmorph.pyi -> build/lib.linux-aarch64-cpython-312/PIL                                    copying src/PIL/_imagingtk.pyi -> build/lib.linux-aarch64-cpython-312/PIL                                       copying src/PIL/_webp.pyi -> build/lib.linux-aarch64-cpython-312/PIL                                            copying src/PIL/py.typed -> build/lib.linux-aarch64-cpython-312/PIL                                             running build_clib                                      building 'pil_imaging_mode' library                     creating build/temp.linux-aarch64-cpython-312/src/libImaging                                                    aarch64-linux-android-clang -fno-strict-overflow -Wsign-compare -Wunreachable-code -DNDEBUG -g -O3 -Wall -fstack-protector-strong -O3 -fstack-protector-strong -O3 -fPIC -c src/libImaging/Mode.c -o build/temp.linux-aarch64-cpython-312/src/libImaging/Mode.o                         llvm-ar rcs build/temp.linux-aarch64-cpython-312/libpil_imaging_mode.a build/temp.linux-aarch64-cpython-312/src/libImaging/Mode.o                                       running build_ext                                                                                                                                                       The headers or library files could not be found for jpeg,                                                       a required dependency when compiling Pillow from source.                                                                                                                Please see the install instructions at:                    https://pillow.readthedocs.io/en/latest/installation/basic-installation.html                                                                                         Traceback (most recent call last):                        File "<string>", line 1101, in <module>                 File "/data/data/com.termux/files/usr/tmp/pip-build-env-e_d6zwj8/overlay/lib/python3.12/site-packages/setuptools/__init__.py", line 115, in setup                         return distutils.core.setup(**attrs)                           ^^^^^^^^^^^^^^^^^^^^^^^^^^^^^                  File "/data/data/com.termux/files/usr/tmp/pip-build-env-e_d6zwj8/overlay/lib/python3.12/site-packages/setuptools/_distutils/core.py", line 186, in setup                  return run_commands(dist)                                      ^^^^^^^^^^^^^^^^^^                             File "/data/data/com.termux/files/usr/tmp/pip-build-env-e_d6zwj8/overlay/lib/python3.12/site-packages/setuptools/_distutils/core.py", line 202, in run_commands           dist.run_commands()                                   File "/data/data/com.termux/files/usr/tmp/pip-build-env-e_d6zwj8/overlay/lib/python3.12/site-packages/setuptools/_distutils/dist.py", line 1002, in run_commands          self.run_command(cmd)                                 File "/data/data/com.termux/files/usr/tmp/pip-build-env-e_d6zwj8/overlay/lib/python3.12/site-packages/setuptools/dist.py", line 1102, in run_command                      super().run_command(command)                          File "/data/data/com.termux/files/usr/tmp/pip-build-env-e_d6zwj8/overlay/lib/python3.12/site-packages/setuptools/_distutils/dist.py", line 1021, in run_command           cmd_obj.run()                                         File "/data/data/com.termux/files/usr/tmp/pip-build-env-e_d6zwj8/overlay/lib/python3.12/site-packages/setuptools/command/bdist_wheel.py", line 370, in run                self.run_command("build")                             File "/data/data/com.termux/files/usr/tmp/pip-build-env-e_d6zwj8/overlay/lib/python3.12/site-packages/setuptools/_distutils/cmd.py", line 357, in run_command             self.distribution.run_command(command)                File "/data/data/com.termux/files/usr/tmp/pip-build-env-e_d6zwj8/overlay/lib/python3.12/site-packages/setuptools/dist.py", line 1102, in run_command                      super().run_command(command)                          File "/data/data/com.termux/files/usr/tmp/pip-build-env-e_d6zwj8/overlay/lib/python3.12/site-packages/setuptools/_distutils/dist.py", line 1021, in run_command           cmd_obj.run()                                         File "/data/data/com.termux/files/usr/tmp/pip-build-env-e_d6zwj8/overlay/lib/python3.12/site-packages/setuptools/_distutils/command/build.py", line 135, in run           self.run_command(cmd_name)                            File "/data/data/com.termux/files/usr/tmp/pip-build-env-e_d6zwj8/overlay/lib/python3.12/site-packages/setuptools/_distutils/cmd.py", line 357, in run_command             self.distribution.run_command(command)                File "/data/data/com.termux/files/usr/tmp/pip-build-env-e_d6zwj8/overlay/lib/python3.12/site-packages/setuptools/dist.py", line 1102, in run_command                      super().run_command(command)                          File "/data/data/com.termux/files/usr/tmp/pip-build-env-e_d6zwj8/overlay/lib/python3.12/site-packages/setuptools/_distutils/dist.py", line 1021, in run_command           cmd_obj.run()                                         File "/data/data/com.termux/files/usr/tmp/pip-build-env-e_d6zwj8/overlay/lib/python3.12/site-packages/setuptools/command/build_ext.py", line 96, in run                   _build_ext.run(self)                                  File "/data/data/com.termux/files/usr/tmp/pip-build-env-e_d6zwj8/overlay/lib/python3.12/site-packages/setuptools/_distutils/command/build_ext.py", line 368, in run                                                               self.build_extensions()                               File "<string>", line 897, in build_extensions        RequiredDependencyException: jpeg                                                                               During handling of the above exception, another exception occurred:                                                                                                     Traceback (most recent call last):                        File "/data/data/com.termux/files/usr/lib/python3.12/site-packages/pip/_vendor/pyproject_hooks/_in_process/_in_process.py", line 389, in <module>                         main()                                                File "/data/data/com.termux/files/usr/lib/python3.12/site-packages/pip/_vendor/pyproject_hooks/_in_process/_in_process.py", line 373, in main                             json_out["return_val"] = hook(**hook_input["kwargs"])                                                                                    ^^^^^^^^^^^^^^^^^^^^^^^^^^^^                                                         File "/data/data/com.termux/files/usr/lib/python3.12/site-packages/pip/_vendor/pyproject_hooks/_in_process/_in_process.py", line 280, in build_wheel                      return _build_backend().build_wheel(                           ^^^^^^^^^^^^^^^^^^^^^^^^^^^^^                  File "/data/data/com.termux/files/usr/tmp/pip-install-nnfzsa8m/pillow_f27bfb8580a04d309197d332ec3f0e03/_custom_build/backend.py", line 26, in build_wheel                 return super().build_wheel(wheel_directory, config_settings, metadata_directory)                                       ^^^^^^^^^^^^^^^^^^^^^^^^^^^^^^^^^^^^^^^^^^^^^^^^^^^^^^^^^^^^^^^^^^^^^^^^^                              File "/data/data/com.termux/files/usr/tmp/pip-build-env-e_d6zwj8/overlay/lib/python3.12/site-packages/setuptools/build_meta.py", line 435, in build_wheel                 return _build(['bdist_wheel', '--dist-info-dir', str(metadata_directory)])                                             ^^^^^^^^^^^^^^^^^^^^^^^^^^^^^^^^^^^^^^^^^^^^^^^^^^^^^^^^^^^^^^^^^^^                                    File "/data/data/com.termux/files/usr/tmp/pip-build-env-e_d6zwj8/overlay/lib/python3.12/site-packages/setuptools/build_meta.py", line 423, in _build                      return self._build_with_temp_dir(                              ^^^^^^^^^^^^^^^^^^^^^^^^^^                     File "/data/data/com.termux/files/usr/tmp/pip-build-env-e_d6zwj8/overlay/lib/python3.12/site-packages/setuptools/build_meta.py", line 404, in _build_with_temp_dir                                                                self.run_setup()                                      File "/data/data/com.termux/files/usr/tmp/pip-install-nnfzsa8m/pillow_f27bfb8580a04d309197d332ec3f0e03/_custom_build/backend.py", line 20, in run_setup                   return super().run_setup(setup_script)                         ^^^^^^^^^^^^^^^^^^^^^^^^^^^^^^^                File "/data/data/com.termux/files/usr/tmp/pip-build-env-e_d6zwj8/overlay/lib/python3.12/site-packages/setuptools/build_meta.py", line 317, in run_setup                   exec(code, locals())                                  File "<string>", line 1118, in <module>               RequiredDependencyException:                                                                                    The headers or library files could not be found for jpeg,                                                       a required dependency when compiling Pillow from source.                                                                                                                Please see the install instructions at:                    https://pillow.readthedocs.io/en/latest/installation/basic-installation.html                                                                                                                                                 [end of output]                                                                                             note: This error originates from a subprocess, and is likely not a problem with pip.                            ERROR: Failed building wheel for pillow               Failed to build pillow                                  error: failed-wheel-build-for-install                                                                           × Failed to build installable wheels for some pyproject.toml based projects                                     ╰─> pillow                                              ~/termux-scripts $

~/termux-scripts $ ADB_TCP_PORT=37099 UI_STEP_SLEEP=0 UI_DT_DEBUG=0 CFL_PKG=lu.cfl.cflgo.qual CFL_REMOTE_TMP_DIR=/data/local/tmp/cfl_watch CFL_TMP_DIR="$HOME/.cache/cfl_watch" CFL_SCENARIO_SCRIPT="$HOME/termux-scripts/cfl_watch/scenarios/trip_api_datetime_go.sh" DATE_YMD="2026-01-09" TIME_HM="14:50" bash "$HOME/termux-scripts/cfl_watch/runner.sh" --no-anim   --start "LUXEMBOURG" --target "ARLON" --snap-mode 3                                    [*] Log: /sdcard/cfl_watch/logs/2026-01-13_14-17-13_runner.log                                                  [*] Start ADB local on 127.0.0.1:37099                  [*] Activation ADB TCP sur 127.0.0.1:37099 (root)       [*] Redémarrage adbd                                    [*] Attente adbd=running                                [*] adb connect (retry) -> 127.0.0.1:37099              [*] connected to 127.0.0.1:37099                        [*] getprop:                                            37099                                                   running                                                 [*] adb devices -l:                                     List of devices attached                                127.0.0.1:37099        device product:blueline model:Pixel_3 device:blueline transport_id:1                                                                             [*] Tip: export ANDROID_SERIAL=127.0.0.1:37099          [*] Device list:                                        List of devices attached                                127.0.0.1:37099        device product:blueline model:Pixel_3 device:blueline transport_id:1                                                                             [*] Disable Android animations (temporary)              [*] === RUN: LUXEMBOURG -> ARLON (SNAP_MODE=3) ===      2026-01-13T14:17:20+01:00 | INFO | SNAP_DIR=/sdcard/cfl_watch/runs/20260113_141720_trip_LUXEMBOURG_to_ARLON_d_2026-01-09_t_1450                                         2026-01-13T14:17:20+01:00 | INFO | Phase: launch | Action: scenario | Target: trip_planner | Result: start=LUXEMBOURG target=ARLON snap_mode=3                          2026-01-13T14:17:20+01:00 | INFO | Phase: launch | Action: config | Target: via | Result: skipped empty         2026-01-13T14:17:20+01:00 | INFO | Phase: launch | Action: wait | Target: toolbar | Result: requested           [*] ui_dump: dump=2426ms cat=186ms total=2612ms -> /data/data/com.termux/files/home/.cache/cfl_watch/live_dump.xml                                                      2026-01-13T14:17:23+01:00 | INFO | Phase: launch | Action: wait | Target: toolbar buttons | Result: visible     2026-01-13T14:17:23+01:00 | INFO | snap: 20260113_141723_371__000_launch__app_open__visible (mode=3)            2026-01-13T14:17:24+01:00 | INFO | Phase: planner | Action: detect_page | Target: toolbar | Result: trip_planner_visible                                                2026-01-13T14:17:24+01:00 | INFO | Phase: datetime | Action: set | Target: request | Result: requested date=2026-01-09 time=14:50                                       2026-01-13T14:17:24+01:00 | INFO | Phase: datetime | Action: tap | Target: time_field | Result: requested       2026-01-13T14:17:24+01:00 | INFO | Tap open datetime menu (desc) at 540,905                                     [*] ui_dump: dump=2413ms cat=123ms total=2536ms -> /data/data/com.termux/files/home/.cache/cfl_watch/live_dump.xml                                                      2026-01-13T14:17:26+01:00 | INFO | Phase: datetime | Action: wait | Target: datetime_menu | Result: visible     2026-01-13T14:17:26+01:00 | INFO | Phase: datetime | Action: set | Target: date | Result: requested value=2026-01-09                                                    2026-01-13T14:17:26+01:00 | INFO | Tap open date picker (desc) at 540,861                                       [*] ui_dump: dump=2378ms cat=127ms total=2505ms -> /data/data/com.termux/files/home/.cache/cfl_watch/live_dump.xml                                                      2026-01-13T14:17:29+01:00 | INFO | Phase: datetime | Action: wait | Target: calendar | Result: visible          /data/data/com.termux/files/home/termux-scripts/cfl_watch/scenarios/trip_api_datetime_go.sh: line 155: rc_open_viewer: unbound variable                                 [*] RC=1                                                [*] Run artifacts: /sdcard/cfl_watch/runs/20260113_141720_trip_LUXEMBOURG_to_ARLON_d_2026-01-09_t_1450          [*] Done. fail_count=1                                  [*] Restore Android animations: W=0 T=0 A=0             ~/termux-scripts $
